2026-04-16 17:38:27  INFO      models.embedding_engine              Loading embedding model BAAI/bge-base-en-v1.5 on cuda
2026-04-16 17:38:27  INFO      sentence_transformers.SentenceTransformer  Load pretrained SentenceTransformer: BAAI/bge-base-en-v1.5
2026-04-16 17:38:33  INFO      models.vector_store                  Qdrant running in-memory.
2026-04-16 17:38:33  INFO      models.recommendation_engine         === Building RecommendationEngine ===
2026-04-16 17:38:33  INFO      data.preprocessor                    Loading freelancers from C:\Users\DLLE\Downloads\freelancer_recommender\freelancer_recommender\data\freelancers_master_cleaned.csv
2026-04-16 17:38:34  INFO      data.preprocessor                    Loading jobs from C:\Users\DLLE\Downloads\freelancer_recommender\freelancer_recommender\data\jobs_master_cleaned.csv
2026-04-16 17:38:35  INFO      data.preprocessor                    Loaded 1355 freelancers and 10062 jobs after cleaning
2026-04-16 17:38:35  INFO      models.embedding_engine              No cache found — computing all embeddings from scratch.
2026-04-16 17:38:35  INFO      models.embedding_engine              Freelancer embeddings: 1355 texts with batch_size=32
2026-04-16 17:39:08  INFO      models.embedding_engine              Job embeddings: 10062 texts with batch_size=32
2026-04-16 17:48:24  INFO      models.embedding_engine              Embeddings cached at C:\Users\DLLE\Downloads\freelancer_recommender\freelancer_recommender\cache\embeddings.pkl
2026-04-16 17:48:24  INFO      models.recommendation_engine         Indexing vectors in Qdrant …
2026-04-16 17:48:24  INFO      models.vector_store                  Created collection 'jobs'
2026-04-16 17:48:32  INFO      models.vector_store                  Indexed 10062 jobs into 'jobs'
2026-04-16 17:48:33  INFO      models.vector_store                  Created collection 'freelancers'
2026-04-16 17:48:34  INFO      models.vector_store                  Indexed 1355 freelancers into 'freelancers'
2026-04-16 17:48:34  INFO      models.recommendation_engine         === Engine ready ===
2026-04-16 17:48:34  INFO      evaluation.evaluation_engine         Evaluating on 200 freelancers × 500 jobs, top_n=10
2026-04-16 17:48:34  INFO      evaluation.evaluation_engine         
      metric   mean    std  median
     NDCG@10 0.3958 0.1945  0.4271
Precision@10 0.6320 0.3432  0.8000
  MeanSim@10 0.6961 0.0406  0.7009
2026-04-16 17:50:32  INFO      models.embedding_engine              Loading embedding model BAAI/bge-base-en-v1.5 on cuda
2026-04-16 17:50:32  INFO      sentence_transformers.SentenceTransformer  Load pretrained SentenceTransformer: BAAI/bge-base-en-v1.5
2026-04-16 17:50:38  INFO      models.vector_store                  Qdrant running in-memory.
2026-04-16 17:50:38  INFO      models.recommendation_engine         === Building RecommendationEngine ===
2026-04-16 17:50:38  INFO      data.preprocessor                    Loading freelancers from C:\Users\DLLE\Downloads\freelancer_recommender\freelancer_recommender\data\freelancers_master_cleaned.csv
2026-04-16 17:50:38  INFO      data.preprocessor                    Loading jobs from C:\Users\DLLE\Downloads\freelancer_recommender\freelancer_recommender\data\jobs_master_cleaned.csv
2026-04-16 17:50:38  INFO      data.preprocessor                    Loaded 1355 freelancers and 10062 jobs after cleaning
2026-04-16 17:50:39  INFO      models.embedding_engine              Loaded cache from C:\Users\DLLE\Downloads\freelancer_recommender\freelancer_recommender\cache\embeddings.pkl (1355 freelancers, 10062 jobs)
2026-04-16 17:50:39  INFO      models.embedding_engine              Cache is up-to-date. No re-encoding needed.
2026-04-16 17:50:39  INFO      models.embedding_engine              Embeddings cached at C:\Users\DLLE\Downloads\freelancer_recommender\freelancer_recommender\cache\embeddings.pkl
2026-04-16 17:50:39  INFO      models.recommendation_engine         Indexing vectors in Qdrant …
2026-04-16 17:50:39  INFO      models.vector_store                  Created collection 'jobs'
2026-04-16 17:50:47  INFO      models.vector_store                  Indexed 10062 jobs into 'jobs'
2026-04-16 17:50:47  INFO      models.vector_store                  Created collection 'freelancers'
2026-04-16 17:50:48  INFO      models.vector_store                  Indexed 1355 freelancers into 'freelancers'
2026-04-16 17:50:48  INFO      models.recommendation_engine         === Engine ready ===
2026-04-16 17:50:51  INFO      api.server                           Starting up — building RecommendationEngine …
2026-04-16 17:50:51  INFO      models.embedding_engine              Loading embedding model BAAI/bge-base-en-v1.5 on cuda
2026-04-16 17:50:51  INFO      sentence_transformers.SentenceTransformer  Load pretrained SentenceTransformer: BAAI/bge-base-en-v1.5
2026-04-16 17:50:55  INFO      models.vector_store                  Qdrant running in-memory.
2026-04-16 17:50:55  INFO      models.recommendation_engine         === Building RecommendationEngine ===
2026-04-16 17:50:55  INFO      data.preprocessor                    Loading freelancers from C:\Users\DLLE\Downloads\freelancer_recommender\freelancer_recommender\data\freelancers_master_cleaned.csv
2026-04-16 17:50:55  INFO      data.preprocessor                    Loading jobs from C:\Users\DLLE\Downloads\freelancer_recommender\freelancer_recommender\data\jobs_master_cleaned.csv
2026-04-16 17:50:56  INFO      data.preprocessor                    Loaded 1355 freelancers and 10062 jobs after cleaning
2026-04-16 17:50:56  INFO      models.embedding_engine              Loaded cache from C:\Users\DLLE\Downloads\freelancer_recommender\freelancer_recommender\cache\embeddings.pkl (1355 freelancers, 10062 jobs)
2026-04-16 17:50:56  INFO      models.embedding_engine              Cache is up-to-date. No re-encoding needed.
2026-04-16 17:50:56  INFO      models.embedding_engine              Embeddings cached at C:\Users\DLLE\Downloads\freelancer_recommender\freelancer_recommender\cache\embeddings.pkl
2026-04-16 17:50:56  INFO      models.recommendation_engine         Indexing vectors in Qdrant …
2026-04-16 17:50:56  INFO      models.vector_store                  Created collection 'jobs'
2026-04-16 17:51:05  INFO      models.vector_store                  Indexed 10062 jobs into 'jobs'
2026-04-16 17:51:05  INFO      models.vector_store                  Created collection 'freelancers'
2026-04-16 17:51:07  INFO      models.vector_store                  Indexed 1355 freelancers into 'freelancers'
2026-04-16 17:51:07  INFO      models.recommendation_engine         === Engine ready ===
2026-04-16 17:51:07  INFO      api.server                           Engine ready.
2026-04-16 17:56:37  INFO      api.server                           Shutting down.
2026-04-16 17:56:54  INFO      models.embedding_engine              Loading embedding model BAAI/bge-base-en-v1.5 on cuda
2026-04-16 17:56:54  INFO      sentence_transformers.SentenceTransformer  Load pretrained SentenceTransformer: BAAI/bge-base-en-v1.5
2026-04-16 17:56:59  INFO      models.vector_store                  Qdrant running in-memory.
2026-04-16 17:56:59  INFO      models.recommendation_engine         === Building RecommendationEngine ===
2026-04-16 17:56:59  INFO      data.preprocessor                    Loading freelancers from C:\Users\DLLE\Downloads\freelancer_recommender\freelancer_recommender\data\freelancers_master_cleaned.csv
2026-04-16 17:56:59  INFO      data.preprocessor                    Loading jobs from C:\Users\DLLE\Downloads\freelancer_recommender\freelancer_recommender\data\jobs_master_cleaned.csv
2026-04-16 17:57:00  INFO      data.preprocessor                    Loaded 1355 freelancers and 10062 jobs after cleaning
2026-04-16 17:57:00  INFO      models.embedding_engine              Loaded cache from C:\Users\DLLE\Downloads\freelancer_recommender\freelancer_recommender\cache\embeddings.pkl (1355 freelancers, 10062 jobs)
2026-04-16 17:57:00  INFO      models.embedding_engine              Cache is up-to-date. No re-encoding needed.
2026-04-16 17:57:00  INFO      models.embedding_engine              Embeddings cached at C:\Users\DLLE\Downloads\freelancer_recommender\freelancer_recommender\cache\embeddings.pkl
2026-04-16 17:57:00  INFO      models.recommendation_engine         Indexing vectors in Qdrant …
2026-04-16 17:57:00  INFO      models.vector_store                  Created collection 'jobs'
2026-04-16 17:57:10  INFO      models.vector_store                  Indexed 10062 jobs into 'jobs'
2026-04-16 17:57:10  INFO      models.vector_store                  Created collection 'freelancers'
2026-04-16 17:57:12  INFO      models.vector_store                  Indexed 1355 freelancers into 'freelancers'
2026-04-16 17:57:12  INFO      models.recommendation_engine         === Engine ready ===
2026-04-16 17:57:13  INFO      api.server                           Starting up — building RecommendationEngine …
2026-04-16 17:57:13  INFO      models.embedding_engine              Loading embedding model BAAI/bge-base-en-v1.5 on cuda
2026-04-16 17:57:13  INFO      sentence_transformers.SentenceTransformer  Load pretrained SentenceTransformer: BAAI/bge-base-en-v1.5
2026-04-16 17:57:19  INFO      models.vector_store                  Qdrant running in-memory.
2026-04-16 17:57:19  INFO      models.recommendation_engine         === Building RecommendationEngine ===
2026-04-16 17:57:19  INFO      data.preprocessor                    Loading freelancers from C:\Users\DLLE\Downloads\freelancer_recommender\freelancer_recommender\data\freelancers_master_cleaned.csv
2026-04-16 17:57:20  INFO      data.preprocessor                    Loading jobs from C:\Users\DLLE\Downloads\freelancer_recommender\freelancer_recommender\data\jobs_master_cleaned.csv
2026-04-16 17:57:20  INFO      data.preprocessor                    Loaded 1355 freelancers and 10062 jobs after cleaning
2026-04-16 17:57:20  INFO      models.embedding_engine              Loaded cache from C:\Users\DLLE\Downloads\freelancer_recommender\freelancer_recommender\cache\embeddings.pkl (1355 freelancers, 10062 jobs)
2026-04-16 17:57:20  INFO      models.embedding_engine              Cache is up-to-date. No re-encoding needed.
2026-04-16 17:57:20  INFO      models.embedding_engine              Embeddings cached at C:\Users\DLLE\Downloads\freelancer_recommender\freelancer_recommender\cache\embeddings.pkl
2026-04-16 17:57:20  INFO      models.recommendation_engine         Indexing vectors in Qdrant …
2026-04-16 17:57:20  INFO      models.vector_store                  Created collection 'jobs'
2026-04-16 17:57:29  INFO      models.vector_store                  Indexed 10062 jobs into 'jobs'
2026-04-16 17:57:29  INFO      models.vector_store                  Created collection 'freelancers'
2026-04-16 17:57:31  INFO      models.vector_store                  Indexed 1355 freelancers into 'freelancers'
2026-04-16 17:57:31  INFO      models.recommendation_engine         === Engine ready ===
2026-04-16 17:57:31  INFO      api.server                           Engine ready.
2026-04-16 18:13:00  INFO      api.server                           Shutting down.
2026-04-16 18:13:16  INFO      models.embedding_engine              Loading embedding model BAAI/bge-base-en-v1.5 on cuda
2026-04-16 18:13:16  INFO      sentence_transformers.SentenceTransformer  Load pretrained SentenceTransformer: BAAI/bge-base-en-v1.5
2026-04-16 18:13:42  INFO      models.vector_store                  Qdrant running in-memory.
2026-04-16 18:13:42  INFO      models.recommendation_engine         === Building RecommendationEngine ===
2026-04-16 18:13:42  INFO      data.preprocessor                    Loading freelancers from C:\Users\DLLE\Downloads\freelancer_recommender\freelancer_recommender\data\freelancers_master_cleaned.csv
2026-04-16 18:13:42  INFO      data.preprocessor                    Loading jobs from C:\Users\DLLE\Downloads\freelancer_recommender\freelancer_recommender\data\jobs_master_cleaned.csv
2026-04-16 18:13:43  INFO      data.preprocessor                    Loaded 1355 freelancers and 10062 jobs after cleaning
2026-04-16 18:13:43  INFO      models.embedding_engine              Loaded cache from C:\Users\DLLE\Downloads\freelancer_recommender\freelancer_recommender\cache\embeddings.pkl (1355 freelancers, 10062 jobs)
2026-04-16 18:13:43  INFO      models.embedding_engine              Cache is up-to-date. No re-encoding needed.
2026-04-16 18:13:43  INFO      models.embedding_engine              Embeddings cached at C:\Users\DLLE\Downloads\freelancer_recommender\freelancer_recommender\cache\embeddings.pkl
2026-04-16 18:13:43  INFO      models.recommendation_engine         Indexing vectors in Qdrant …
2026-04-16 18:13:43  INFO      models.vector_store                  Created collection 'jobs'
2026-04-16 18:13:53  INFO      models.vector_store                  Indexed 10062 jobs into 'jobs'
2026-04-16 18:13:53  INFO      models.vector_store                  Created collection 'freelancers'
2026-04-16 18:13:54  INFO      models.vector_store                  Indexed 1355 freelancers into 'freelancers'
2026-04-16 18:13:54  INFO      models.recommendation_engine         === Engine ready ===
2026-04-16 18:13:55  INFO      api.server                           Starting up — using pre-built RecommendationEngine.
